<?xml version="1.0" encoding="UTF-8"?>
<!-- Generated by org.testng.reporters.JUnitReportReporter -->
<testsuite skipped="3" hostname="Mehedis-MacBook-Pro.local" name="testSuits.Fintech.Oradian.TestSuit_Create" tests="3" failures="0" timestamp="25 Jun 2018 16:41:31 GMT" time="0.000" errors="0">
  <testcase name="corporate_user_creation" time="0.000" classname="testSuits.Fintech.Oradian.TestSuit_Create">
    <skipped/>
  </testcase> <!-- corporate_user_creation -->
  <testcase name="verify_all_subSection_Opening" time="0.000" classname="testSuits.Fintech.Oradian.TestSuit_Create">
    <skipped/>
  </testcase> <!-- verify_all_subSection_Opening -->
  <testcase name="createIndividual" time="0.000" classname="testSuits.Fintech.Oradian.TestSuit_Create">
    <skipped/>
  </testcase> <!-- createIndividual -->
</testsuite> <!-- testSuits.Fintech.Oradian.TestSuit_Create -->
