<?xml version="1.0" encoding="UTF-8"?>
<!-- Generated by org.testng.reporters.JUnitReportReporter -->
<testsuite skipped="0" hostname="Mehedis-MacBook-Pro.local" name="testSuits.Fintech.Oradian.TestSuit_Accounting" tests="1" failures="0" timestamp="25 Jun 2018 16:44:36 GMT" time="0.005" errors="0">
  <testcase name="Verify_availability_of_elements" time="0.005" classname="testSuits.Fintech.Oradian.TestSuit_Accounting"/>
</testsuite> <!-- testSuits.Fintech.Oradian.TestSuit_Accounting -->
