<?xml version="1.0" encoding="UTF-8"?>
<!-- Generated by org.testng.reporters.JUnitReportReporter -->
<testsuite skipped="2" hostname="Mehedis-MacBook-Pro.local" name="testSuits.Fintech.Oradian.TestSuit_Transactions" tests="2" failures="0" timestamp="25 Jun 2018 16:41:31 GMT" time="0.000" errors="0">
  <testcase name="Create_Service_Transaction" time="0.000" classname="testSuits.Fintech.Oradian.TestSuit_Transactions">
    <skipped/>
  </testcase> <!-- Create_Service_Transaction -->
  <testcase name="verify_Elements_displayed" time="0.000" classname="testSuits.Fintech.Oradian.TestSuit_Transactions">
    <skipped/>
  </testcase> <!-- verify_Elements_displayed -->
</testsuite> <!-- testSuits.Fintech.Oradian.TestSuit_Transactions -->
