<?xml version="1.0" encoding="UTF-8"?>
<!-- Generated by org.testng.reporters.JUnitReportReporter -->
<testsuite skipped="2" hostname="Mehedis-MacBook-Pro.local" name="testSuits.Fintech.Oradian.TestSuit_Login" tests="2" failures="0" timestamp="25 Jun 2018 16:41:31 GMT" time="0.000" errors="0">
  <testcase name="test_user_Login_invalid_credentials" time="0.000" classname="testSuits.Fintech.Oradian.TestSuit_Login">
    <skipped/>
  </testcase> <!-- test_user_Login_invalid_credentials -->
  <testcase name="test_User_Login_valid_credentials" time="0.000" classname="testSuits.Fintech.Oradian.TestSuit_Login">
    <skipped/>
  </testcase> <!-- test_User_Login_valid_credentials -->
</testsuite> <!-- testSuits.Fintech.Oradian.TestSuit_Login -->
