<?xml version="1.0" encoding="UTF-8"?>
<!-- Generated by org.testng.reporters.JUnitReportReporter -->
<testsuite skipped="1" hostname="Mehedis-MacBook-Pro.local" name="testSuits.Fintech.Oradian.TestSuit_Tasks" tests="1" failures="0" timestamp="25 Jun 2018 16:41:31 GMT" time="0.000" errors="0">
  <testcase name="Verify_task_feature_links" time="0.000" classname="testSuits.Fintech.Oradian.TestSuit_Tasks">
    <skipped/>
  </testcase> <!-- Verify_task_feature_links -->
</testsuite> <!-- testSuits.Fintech.Oradian.TestSuit_Tasks -->
