<?xml version="1.0" encoding="UTF-8"?>
<!-- Generated by org.testng.reporters.JUnitReportReporter -->
<testsuite skipped="0" hostname="Mehedis-MacBook-Pro.local" name="Oradian.Fintech_Oradian_Actions.TestClass_Login" tests="1" failures="0" timestamp="22 Jun 2018 17:17:50 GMT" time="8.119" errors="0">
  <testcase name="user_Login_valid_credentials" time="8.119" classname="Oradian.Fintech_Oradian_Actions.TestClass_Login"/>
</testsuite> <!-- Oradian.Fintech_Oradian_Actions.TestClass_Login -->
