<?xml version="1.0" encoding="UTF-8"?>
<!-- Generated by org.testng.reporters.JUnitReportReporter -->
<testsuite skipped="1" hostname="Mehedis-MacBook-Pro.local" name="testSuits.Fintech.Oradian.TestSuit_BulkActions" tests="1" failures="0" timestamp="25 Jun 2018 16:41:31 GMT" time="0.000" errors="0">
  <testcase name="verify_Elements_displayed" time="0.000" classname="testSuits.Fintech.Oradian.TestSuit_BulkActions">
    <skipped/>
  </testcase> <!-- verify_Elements_displayed -->
</testsuite> <!-- testSuits.Fintech.Oradian.TestSuit_BulkActions -->
