<?xml version="1.0" encoding="UTF-8"?>
<!-- Generated by org.testng.reporters.JUnitReportReporter -->
<testsuite skipped="0" hostname="Mehedis-MacBook-Pro.local" name="Oradian.Fintech_Oradian_Actions.LoginClass" tests="2" failures="0" timestamp="22 Jun 2018 03:28:53 GMT" time="6.013" errors="0">
  <testcase name="user_Login_invalid_credentials" time="1.510" classname="Oradian.Fintech_Oradian_Actions.LoginClass"/>
  <testcase name="user_Login_valid_credentials" time="4.503" classname="Oradian.Fintech_Oradian_Actions.LoginClass"/>
</testsuite> <!-- Oradian.Fintech_Oradian_Actions.LoginClass -->
