<?xml version="1.0" encoding="UTF-8"?>
<!-- Generated by org.testng.reporters.JUnitReportReporter -->
<testsuite skipped="0" hostname="Mehedis-MacBook-Pro.local" name="testSuits.Instafin.TestSuit_Offline_Transactions" tests="1" failures="0" timestamp="26 Jun 2018 06:04:27 GMT" time="5.458" errors="0">
  <testcase name="verify_Elements_displayed" time="5.458" classname="testSuits.Instafin.TestSuit_Offline_Transactions"/>
</testsuite> <!-- testSuits.Instafin.TestSuit_Offline_Transactions -->
